{"/Users/felipefaria/Projects/email-service/backend/src/lib/http.ts": {"path":"/Users/felipefaria/Projects/email-service/backend/src/lib/http.ts","statementMap":{"0":{"start":{"line":5,"column":13},"end":{"line":8,"column":null}},"1":{"start":{"line":6,"column":3},"end":{"line":8,"column":null}},"2":{"start":{"line":8,"column":4},"end":{"line":8,"column":null}},"3":{"start":{"line":12,"column":4},"end":{"line":12,"column":null}},"4":{"start":{"line":11,"column":21},"end":{"line":11,"column":37}},"5":{"start":{"line":11,"column":61},"end":{"line":11,"column":80}},"6":{"start":{"line":22,"column":2},"end":{"line":24,"column":null}},"7":{"start":{"line":23,"column":4},"end":{"line":23,"column":null}},"8":{"start":{"line":25,"column":2},"end":{"line":27,"column":null}},"9":{"start":{"line":26,"column":4},"end":{"line":26,"column":null}},"10":{"start":{"line":28,"column":2},"end":{"line":28,"column":null}},"11":{"start":{"line":29,"column":2},"end":{"line":29,"column":null}}},"fnMap":{"0":{"name":"(anonymous_0)","decl":{"start":{"line":5,"column":13},"end":{"line":5,"column":null}},"loc":{"start":{"line":6,"column":3},"end":{"line":8,"column":null}},"line":6},"1":{"name":"(anonymous_1)","decl":{"start":{"line":6,"column":3},"end":{"line":6,"column":null}},"loc":{"start":{"line":8,"column":4},"end":{"line":8,"column":null}},"line":8},"2":{"name":"constructor","decl":{"start":{"line":11,"column":2},"end":{"line":11,"column":14}},"loc":{"start":{"line":11,"column":80},"end":{"line":13,"column":null}},"line":11},"3":{"name":"errorMiddleware","decl":{"start":{"line":16,"column":16},"end":{"line":16,"column":null}},"loc":{"start":{"line":21,"column":2},"end":{"line":30,"column":null}},"line":21}},"branchMap":{"0":{"loc":{"start":{"line":22,"column":2},"end":{"line":24,"column":null}},"type":"if","locations":[{"start":{"line":22,"column":2},"end":{"line":24,"column":null}},{"start":{},"end":{}}],"line":22},"1":{"loc":{"start":{"line":25,"column":2},"end":{"line":27,"column":null}},"type":"if","locations":[{"start":{"line":25,"column":2},"end":{"line":27,"column":null}},{"start":{},"end":{}}],"line":25}},"s":{"0":7,"1":134,"2":58,"3":15,"4":15,"5":15,"6":25,"7":10,"8":15,"9":14,"10":1,"11":1},"f":{"0":134,"1":58,"2":15,"3":25},"b":{"0":[10,15],"1":[14,1]},"meta":{"lastBranch":2,"lastFunction":4,"lastStatement":12,"seen":{"s:5:13:8:Infinity":0,"f:5:13:5:Infinity":0,"s:6:3:8:Infinity":1,"f:6:3:6:Infinity":1,"s:8:4:8:Infinity":2,"f:11:2:11:14":2,"s:12:4:12:Infinity":3,"s:11:21:11:37":4,"s:11:61:11:80":5,"f:16:16:16:Infinity":3,"b:22:2:24:Infinity:undefined:undefined:undefined:undefined":0,"s:22:2:24:Infinity":6,"s:23:4:23:Infinity":7,"b:25:2:27:Infinity:undefined:undefined:undefined:undefined":1,"s:25:2:27:Infinity":8,"s:26:4:26:Infinity":9,"s:28:2:28:Infinity":10,"s:29:2:29:Infinity":11},"fnNames":{}}}
,"/Users/felipefaria/Projects/email-service/backend/src/lib/jsonSchemaToZod.ts": {"path":"/Users/felipefaria/Projects/email-service/backend/src/lib/jsonSchemaToZod.ts","statementMap":{"0":{"start":{"line":32,"column":2},"end":{"line":35,"column":null}},"1":{"start":{"line":33,"column":19},"end":{"line":33,"column":null}},"2":{"start":{"line":34,"column":4},"end":{"line":34,"column":null}},"3":{"start":{"line":37,"column":2},"end":{"line":64,"column":null}},"4":{"start":{"line":39,"column":14},"end":{"line":39,"column":null}},"5":{"start":{"line":40,"column":6},"end":{"line":43,"column":null}},"6":{"start":{"line":40,"column":37},"end":{"line":40,"column":null}},"7":{"start":{"line":41,"column":11},"end":{"line":43,"column":null}},"8":{"start":{"line":41,"column":40},"end":{"line":41,"column":null}},"9":{"start":{"line":42,"column":11},"end":{"line":43,"column":null}},"10":{"start":{"line":42,"column":41},"end":{"line":42,"column":null}},"11":{"start":{"line":43,"column":11},"end":{"line":43,"column":null}},"12":{"start":{"line":43,"column":46},"end":{"line":43,"column":null}},"13":{"start":{"line":44,"column":6},"end":{"line":44,"column":null}},"14":{"start":{"line":44,"column":48},"end":{"line":44,"column":null}},"15":{"start":{"line":45,"column":6},"end":{"line":45,"column":null}},"16":{"start":{"line":45,"column":48},"end":{"line":45,"column":null}},"17":{"start":{"line":46,"column":6},"end":{"line":46,"column":null}},"18":{"start":{"line":50,"column":14},"end":{"line":50,"column":null}},"19":{"start":{"line":51,"column":6},"end":{"line":51,"column":null}},"20":{"start":{"line":51,"column":37},"end":{"line":51,"column":null}},"21":{"start":{"line":52,"column":6},"end":{"line":52,"column":null}},"22":{"start":{"line":52,"column":46},"end":{"line":52,"column":null}},"23":{"start":{"line":53,"column":6},"end":{"line":53,"column":null}},"24":{"start":{"line":53,"column":46},"end":{"line":53,"column":null}},"25":{"start":{"line":54,"column":6},"end":{"line":54,"column":null}},"26":{"start":{"line":57,"column":6},"end":{"line":57,"column":null}},"27":{"start":{"line":59,"column":6},"end":{"line":59,"column":null}},"28":{"start":{"line":61,"column":6},"end":{"line":61,"column":null}},"29":{"start":{"line":63,"column":6},"end":{"line":63,"column":null}},"30":{"start":{"line":68,"column":16},"end":{"line":68,"column":null}},"31":{"start":{"line":69,"column":19},"end":{"line":69,"column":null}},"32":{"start":{"line":70,"column":44},"end":{"line":70,"column":null}},"33":{"start":{"line":72,"column":2},"end":{"line":77,"column":null}},"34":{"start":{"line":73,"column":16},"end":{"line":73,"column":null}},"35":{"start":{"line":74,"column":4},"end":{"line":74,"column":null}},"36":{"start":{"line":74,"column":32},"end":{"line":74,"column":null}},"37":{"start":{"line":75,"column":4},"end":{"line":75,"column":null}},"38":{"start":{"line":75,"column":28},"end":{"line":75,"column":null}},"39":{"start":{"line":76,"column":4},"end":{"line":76,"column":null}},"40":{"start":{"line":79,"column":14},"end":{"line":79,"column":null}},"41":{"start":{"line":80,"column":2},"end":{"line":80,"column":null}},"42":{"start":{"line":84,"column":15},"end":{"line":84,"column":null}},"43":{"start":{"line":85,"column":2},"end":{"line":85,"column":null}},"44":{"start":{"line":85,"column":23},"end":{"line":85,"column":null}},"45":{"start":{"line":86,"column":2},"end":{"line":86,"column":null}}},"fnMap":{"0":{"name":"leaf","decl":{"start":{"line":31,"column":9},"end":{"line":31,"column":14}},"loc":{"start":{"line":31,"column":46},"end":{"line":65,"column":null}},"line":31},"1":{"name":"objectSchema","decl":{"start":{"line":67,"column":9},"end":{"line":67,"column":22}},"loc":{"start":{"line":67,"column":54},"end":{"line":81,"column":null}},"line":67},"2":{"name":"jsonSchemaToZod","decl":{"start":{"line":83,"column":16},"end":{"line":83,"column":32}},"loc":{"start":{"line":83,"column":64},"end":{"line":87,"column":null}},"line":83}},"branchMap":{"0":{"loc":{"start":{"line":32,"column":2},"end":{"line":35,"column":null}},"type":"if","locations":[{"start":{"line":32,"column":2},"end":{"line":35,"column":null}},{"start":{},"end":{}}],"line":32},"1":{"loc":{"start":{"line":32,"column":6},"end":{"line":32,"column":60}},"type":"binary-expr","locations":[{"start":{"line":32,"column":6},"end":{"line":32,"column":36}},{"start":{"line":32,"column":36},"end":{"line":32,"column":60}}],"line":32},"2":{"loc":{"start":{"line":37,"column":2},"end":{"line":64,"column":null}},"type":"switch","locations":[{"start":{"line":38,"column":4},"end":{"line":47,"column":null}},{"start":{"line":48,"column":4},"end":{"line":48,"column":null}},{"start":{"line":49,"column":4},"end":{"line":55,"column":null}},{"start":{"line":56,"column":4},"end":{"line":57,"column":null}},{"start":{"line":58,"column":4},"end":{"line":59,"column":null}},{"start":{"line":60,"column":4},"end":{"line":61,"column":null}},{"start":{"line":62,"column":4},"end":{"line":63,"column":null}}],"line":37},"3":{"loc":{"start":{"line":40,"column":6},"end":{"line":43,"column":null}},"type":"if","locations":[{"start":{"line":40,"column":6},"end":{"line":43,"column":null}},{"start":{"line":41,"column":11},"end":{"line":43,"column":null}}],"line":40},"4":{"loc":{"start":{"line":41,"column":11},"end":{"line":43,"column":null}},"type":"if","locations":[{"start":{"line":41,"column":11},"end":{"line":43,"column":null}},{"start":{"line":42,"column":11},"end":{"line":43,"column":null}}],"line":41},"5":{"loc":{"start":{"line":42,"column":11},"end":{"line":43,"column":null}},"type":"if","locations":[{"start":{"line":42,"column":11},"end":{"line":43,"column":null}},{"start":{"line":43,"column":11},"end":{"line":43,"column":null}}],"line":42},"6":{"loc":{"start":{"line":43,"column":11},"end":{"line":43,"column":null}},"type":"if","locations":[{"start":{"line":43,"column":11},"end":{"line":43,"column":null}},{"start":{},"end":{}}],"line":43},"7":{"loc":{"start":{"line":44,"column":6},"end":{"line":44,"column":null}},"type":"if","locations":[{"start":{"line":44,"column":6},"end":{"line":44,"column":null}},{"start":{},"end":{}}],"line":44},"8":{"loc":{"start":{"line":45,"column":6},"end":{"line":45,"column":null}},"type":"if","locations":[{"start":{"line":45,"column":6},"end":{"line":45,"column":null}},{"start":{},"end":{}}],"line":45},"9":{"loc":{"start":{"line":51,"column":6},"end":{"line":51,"column":null}},"type":"if","locations":[{"start":{"line":51,"column":6},"end":{"line":51,"column":null}},{"start":{},"end":{}}],"line":51},"10":{"loc":{"start":{"line":52,"column":6},"end":{"line":52,"column":null}},"type":"if","locations":[{"start":{"line":52,"column":6},"end":{"line":52,"column":null}},{"start":{},"end":{}}],"line":52},"11":{"loc":{"start":{"line":53,"column":6},"end":{"line":53,"column":null}},"type":"if","locations":[{"start":{"line":53,"column":6},"end":{"line":53,"column":null}},{"start":{},"end":{}}],"line":53},"12":{"loc":{"start":{"line":59,"column":21},"end":{"line":59,"column":75}},"type":"cond-expr","locations":[{"start":{"line":59,"column":36},"end":{"line":59,"column":68}},{"start":{"line":59,"column":68},"end":{"line":59,"column":75}}],"line":59},"13":{"loc":{"start":{"line":68,"column":16},"end":{"line":68,"column":null}},"type":"binary-expr","locations":[{"start":{"line":68,"column":16},"end":{"line":68,"column":37}},{"start":{"line":68,"column":37},"end":{"line":68,"column":null}}],"line":68},"14":{"loc":{"start":{"line":69,"column":27},"end":{"line":69,"column":48}},"type":"binary-expr","locations":[{"start":{"line":69,"column":27},"end":{"line":69,"column":46}},{"start":{"line":69,"column":46},"end":{"line":69,"column":48}}],"line":69},"15":{"loc":{"start":{"line":74,"column":4},"end":{"line":74,"column":null}},"type":"if","locations":[{"start":{"line":74,"column":4},"end":{"line":74,"column":null}},{"start":{},"end":{}}],"line":74},"16":{"loc":{"start":{"line":75,"column":4},"end":{"line":75,"column":null}},"type":"if","locations":[{"start":{"line":75,"column":4},"end":{"line":75,"column":null}},{"start":{},"end":{}}],"line":75},"17":{"loc":{"start":{"line":80,"column":9},"end":{"line":80,"column":null}},"type":"cond-expr","locations":[{"start":{"line":80,"column":49},"end":{"line":80,"column":64}},{"start":{"line":80,"column":64},"end":{"line":80,"column":null}}],"line":80},"18":{"loc":{"start":{"line":84,"column":15},"end":{"line":84,"column":null}},"type":"cond-expr","locations":[{"start":{"line":84,"column":42},"end":{"line":84,"column":65}},{"start":{"line":84,"column":65},"end":{"line":84,"column":null}}],"line":84},"19":{"loc":{"start":{"line":85,"column":2},"end":{"line":85,"column":null}},"type":"if","locations":[{"start":{"line":85,"column":2},"end":{"line":85,"column":null}},{"start":{},"end":{}}],"line":85}},"s":{"0":30,"1":1,"2":1,"3":29,"4":14,"5":14,"6":1,"7":13,"8":2,"9":11,"10":1,"11":10,"12":2,"13":14,"14":1,"15":14,"16":1,"17":14,"18":5,"19":5,"20":3,"21":5,"22":1,"23":5,"24":1,"25":5,"26":1,"27":3,"28":0,"29":6,"30":7,"31":7,"32":7,"33":7,"34":8,"35":8,"36":0,"37":8,"38":2,"39":8,"40":7,"41":7,"42":37,"43":37,"44":2,"45":37},"f":{"0":30,"1":7,"2":37},"b":{"0":[1,29],"1":[30,1],"2":[29,3,5,1,3,0,6],"3":[1,13],"4":[2,11],"5":[1,10],"6":[2,8],"7":[1,13],"8":[1,13],"9":[3,2],"10":[1,4],"11":[1,4],"12":[2,1],"13":[7,0],"14":[7,1],"15":[0,8],"16":[2,6],"17":[1,6],"18":[7,30],"19":[2,35]},"meta":{"lastBranch":20,"lastFunction":3,"lastStatement":46,"seen":{"f:31:9:31:14":0,"b:32:2:35:Infinity:undefined:undefined:undefined:undefined":0,"s:32:2:35:Infinity":0,"b:32:6:32:36:32:36:32:60":1,"s:33:19:33:Infinity":1,"s:34:4:34:Infinity":2,"b:38:4:47:Infinity:48:4:48:Infinity:49:4:55:Infinity:56:4:57:Infinity:58:4:59:Infinity:60:4:61:Infinity:62:4:63:Infinity":2,"s:37:2:64:Infinity":3,"s:39:14:39:Infinity":4,"b:40:6:43:Infinity:41:11:43:Infinity":3,"s:40:6:43:Infinity":5,"s:40:37:40:Infinity":6,"b:41:11:43:Infinity:42:11:43:Infinity":4,"s:41:11:43:Infinity":7,"s:41:40:41:Infinity":8,"b:42:11:43:Infinity:43:11:43:Infinity":5,"s:42:11:43:Infinity":9,"s:42:41:42:Infinity":10,"b:43:11:43:Infinity:undefined:undefined:undefined:undefined":6,"s:43:11:43:Infinity":11,"s:43:46:43:Infinity":12,"b:44:6:44:Infinity:undefined:undefined:undefined:undefined":7,"s:44:6:44:Infinity":13,"s:44:48:44:Infinity":14,"b:45:6:45:Infinity:undefined:undefined:undefined:undefined":8,"s:45:6:45:Infinity":15,"s:45:48:45:Infinity":16,"s:46:6:46:Infinity":17,"s:50:14:50:Infinity":18,"b:51:6:51:Infinity:undefined:undefined:undefined:undefined":9,"s:51:6:51:Infinity":19,"s:51:37:51:Infinity":20,"b:52:6:52:Infinity:undefined:undefined:undefined:undefined":10,"s:52:6:52:Infinity":21,"s:52:46:52:Infinity":22,"b:53:6:53:Infinity:undefined:undefined:undefined:undefined":11,"s:53:6:53:Infinity":23,"s:53:46:53:Infinity":24,"s:54:6:54:Infinity":25,"s:57:6:57:Infinity":26,"s:59:6:59:Infinity":27,"b:59:36:59:68:59:68:59:75":12,"s:61:6:61:Infinity":28,"s:63:6:63:Infinity":29,"f:67:9:67:22":1,"s:68:16:68:Infinity":30,"b:68:16:68:37:68:37:68:Infinity":13,"s:69:19:69:Infinity":31,"b:69:27:69:46:69:46:69:48":14,"s:70:44:70:Infinity":32,"s:72:2:77:Infinity":33,"s:73:16:73:Infinity":34,"b:74:4:74:Infinity:undefined:undefined:undefined:undefined":15,"s:74:4:74:Infinity":35,"s:74:32:74:Infinity":36,"b:75:4:75:Infinity:undefined:undefined:undefined:undefined":16,"s:75:4:75:Infinity":37,"s:75:28:75:Infinity":38,"s:76:4:76:Infinity":39,"s:79:14:79:Infinity":40,"s:80:2:80:Infinity":41,"b:80:49:80:64:80:64:80:Infinity":17,"f:83:16:83:32":2,"s:84:15:84:Infinity":42,"b:84:42:84:65:84:65:84:Infinity":18,"b:85:2:85:Infinity:undefined:undefined:undefined:undefined":19,"s:85:2:85:Infinity":43,"s:85:23:85:Infinity":44,"s:86:2:86:Infinity":45},"fnNames":{}}}
,"/Users/felipefaria/Projects/email-service/backend/src/lib/prisma.ts": {"path":"/Users/felipefaria/Projects/email-service/backend/src/lib/prisma.ts","statementMap":{"0":{"start":{"line":3,"column":22},"end":{"line":3,"column":null}}},"fnMap":{},"branchMap":{},"s":{"0":0},"f":{},"b":{},"meta":{"lastBranch":0,"lastFunction":0,"lastStatement":1,"seen":{"s:3:22:3:Infinity":0},"fnNames":{}}}
,"/Users/felipefaria/Projects/email-service/backend/src/routes/categories.ts": {"path":"/Users/felipefaria/Projects/email-service/backend/src/routes/categories.ts","statementMap":{"0":{"start":{"line":6,"column":13},"end":{"line":6,"column":null}},"1":{"start":{"line":8,"column":13},"end":{"line":8,"column":null}},"2":{"start":{"line":10,"column":22},"end":{"line":13,"column":null}},"3":{"start":{"line":15,"column":0},"end":{"line":25,"column":null}},"4":{"start":{"line":18,"column":4},"end":{"line":23,"column":null}},"5":{"start":{"line":27,"column":0},"end":{"line":33,"column":null}},"6":{"start":{"line":30,"column":17},"end":{"line":30,"column":null}},"7":{"start":{"line":31,"column":4},"end":{"line":31,"column":null}},"8":{"start":{"line":35,"column":0},"end":{"line":41,"column":null}},"9":{"start":{"line":38,"column":17},"end":{"line":38,"column":null}},"10":{"start":{"line":39,"column":4},"end":{"line":39,"column":null}},"11":{"start":{"line":43,"column":0},"end":{"line":49,"column":null}},"12":{"start":{"line":46,"column":4},"end":{"line":46,"column":null}},"13":{"start":{"line":47,"column":4},"end":{"line":47,"column":null}}},"fnMap":{"0":{"name":"(anonymous_0)","decl":{"start":{"line":17,"column":4},"end":{"line":17,"column":11}},"loc":{"start":{"line":17,"column":25},"end":{"line":24,"column":3}},"line":17},"1":{"name":"(anonymous_1)","decl":{"start":{"line":29,"column":4},"end":{"line":29,"column":11}},"loc":{"start":{"line":29,"column":24},"end":{"line":32,"column":3}},"line":29},"2":{"name":"(anonymous_2)","decl":{"start":{"line":37,"column":4},"end":{"line":37,"column":11}},"loc":{"start":{"line":37,"column":24},"end":{"line":40,"column":3}},"line":37},"3":{"name":"(anonymous_3)","decl":{"start":{"line":45,"column":4},"end":{"line":45,"column":11}},"loc":{"start":{"line":45,"column":24},"end":{"line":48,"column":3}},"line":45}},"branchMap":{},"s":{"0":6,"1":6,"2":6,"3":6,"4":1,"5":6,"6":2,"7":2,"8":6,"9":1,"10":1,"11":6,"12":1,"13":1},"f":{"0":1,"1":2,"2":1,"3":1},"b":{},"meta":{"lastBranch":0,"lastFunction":4,"lastStatement":14,"seen":{"s:6:13:6:Infinity":0,"s:8:13:8:Infinity":1,"s:10:22:13:Infinity":2,"s:15:0:25:Infinity":3,"f:17:4:17:11":0,"s:18:4:23:Infinity":4,"s:27:0:33:Infinity":5,"f:29:4:29:11":1,"s:30:17:30:Infinity":6,"s:31:4:31:Infinity":7,"s:35:0:41:Infinity":8,"f:37:4:37:11":2,"s:38:17:38:Infinity":9,"s:39:4:39:Infinity":10,"s:43:0:49:Infinity":11,"f:45:4:45:11":3,"s:46:4:46:Infinity":12,"s:47:4:47:Infinity":13},"fnNames":{}}}
,"/Users/felipefaria/Projects/email-service/backend/src/routes/logs.ts": {"path":"/Users/felipefaria/Projects/email-service/backend/src/routes/logs.ts","statementMap":{"0":{"start":{"line":7,"column":13},"end":{"line":7,"column":null}},"1":{"start":{"line":9,"column":14},"end":{"line":18,"column":null}},"2":{"start":{"line":21,"column":43},"end":{"line":21,"column":null}},"3":{"start":{"line":22,"column":2},"end":{"line":22,"column":null}},"4":{"start":{"line":22,"column":16},"end":{"line":22,"column":null}},"5":{"start":{"line":23,"column":2},"end":{"line":23,"column":null}},"6":{"start":{"line":23,"column":18},"end":{"line":23,"column":null}},"7":{"start":{"line":24,"column":2},"end":{"line":24,"column":null}},"8":{"start":{"line":24,"column":18},"end":{"line":24,"column":null}},"9":{"start":{"line":25,"column":2},"end":{"line":30,"column":null}},"10":{"start":{"line":26,"column":4},"end":{"line":29,"column":null}},"11":{"start":{"line":31,"column":2},"end":{"line":35,"column":null}},"12":{"start":{"line":32,"column":4},"end":{"line":32,"column":null}},"13":{"start":{"line":33,"column":4},"end":{"line":33,"column":null}},"14":{"start":{"line":33,"column":16},"end":{"line":33,"column":null}},"15":{"start":{"line":34,"column":4},"end":{"line":34,"column":null}},"16":{"start":{"line":34,"column":14},"end":{"line":34,"column":null}},"17":{"start":{"line":36,"column":2},"end":{"line":36,"column":null}},"18":{"start":{"line":40,"column":0},"end":{"line":56,"column":null}},"19":{"start":{"line":43,"column":14},"end":{"line":43,"column":null}},"20":{"start":{"line":44,"column":18},"end":{"line":44,"column":null}},"21":{"start":{"line":45,"column":27},"end":{"line":53,"column":null}},"22":{"start":{"line":54,"column":4},"end":{"line":54,"column":null}},"23":{"start":{"line":59,"column":0},"end":{"line":70,"column":null}},"24":{"start":{"line":62,"column":20},"end":{"line":65,"column":null}},"25":{"start":{"line":66,"column":17},"end":{"line":66,"column":null}},"26":{"start":{"line":66,"column":37},"end":{"line":66,"column":56}},"27":{"start":{"line":67,"column":19},"end":{"line":67,"column":null}},"28":{"start":{"line":67,"column":39},"end":{"line":67,"column":60}},"29":{"start":{"line":68,"column":4},"end":{"line":68,"column":null}}},"fnMap":{"0":{"name":"buildWhere","decl":{"start":{"line":20,"column":9},"end":{"line":20,"column":20}},"loc":{"start":{"line":20,"column":73},"end":{"line":37,"column":null}},"line":20},"1":{"name":"(anonymous_1)","decl":{"start":{"line":42,"column":4},"end":{"line":42,"column":11}},"loc":{"start":{"line":42,"column":24},"end":{"line":55,"column":3}},"line":42},"2":{"name":"(anonymous_2)","decl":{"start":{"line":61,"column":4},"end":{"line":61,"column":11}},"loc":{"start":{"line":61,"column":25},"end":{"line":69,"column":3}},"line":61},"3":{"name":"(anonymous_3)","decl":{"start":{"line":66,"column":25},"end":{"line":66,"column":31}},"loc":{"start":{"line":66,"column":37},"end":{"line":66,"column":56}},"line":66},"4":{"name":"(anonymous_4)","decl":{"start":{"line":67,"column":27},"end":{"line":67,"column":33}},"loc":{"start":{"line":67,"column":39},"end":{"line":67,"column":60}},"line":67}},"branchMap":{"0":{"loc":{"start":{"line":22,"column":2},"end":{"line":22,"column":null}},"type":"if","locations":[{"start":{"line":22,"column":2},"end":{"line":22,"column":null}},{"start":{},"end":{}}],"line":22},"1":{"loc":{"start":{"line":23,"column":2},"end":{"line":23,"column":null}},"type":"if","locations":[{"start":{"line":23,"column":2},"end":{"line":23,"column":null}},{"start":{},"end":{}}],"line":23},"2":{"loc":{"start":{"line":24,"column":2},"end":{"line":24,"column":null}},"type":"if","locations":[{"start":{"line":24,"column":2},"end":{"line":24,"column":null}},{"start":{},"end":{}}],"line":24},"3":{"loc":{"start":{"line":25,"column":2},"end":{"line":30,"column":null}},"type":"if","locations":[{"start":{"line":25,"column":2},"end":{"line":30,"column":null}},{"start":{},"end":{}}],"line":25},"4":{"loc":{"start":{"line":31,"column":2},"end":{"line":35,"column":null}},"type":"if","locations":[{"start":{"line":31,"column":2},"end":{"line":35,"column":null}},{"start":{},"end":{}}],"line":31},"5":{"loc":{"start":{"line":31,"column":6},"end":{"line":31,"column":22}},"type":"binary-expr","locations":[{"start":{"line":31,"column":6},"end":{"line":31,"column":16}},{"start":{"line":31,"column":16},"end":{"line":31,"column":22}}],"line":31},"6":{"loc":{"start":{"line":33,"column":4},"end":{"line":33,"column":null}},"type":"if","locations":[{"start":{"line":33,"column":4},"end":{"line":33,"column":null}},{"start":{},"end":{}}],"line":33},"7":{"loc":{"start":{"line":34,"column":4},"end":{"line":34,"column":null}},"type":"if","locations":[{"start":{"line":34,"column":4},"end":{"line":34,"column":null}},{"start":{},"end":{}}],"line":34},"8":{"loc":{"start":{"line":66,"column":17},"end":{"line":66,"column":null}},"type":"binary-expr","locations":[{"start":{"line":66,"column":17},"end":{"line":66,"column":74}},{"start":{"line":66,"column":74},"end":{"line":66,"column":null}}],"line":66},"9":{"loc":{"start":{"line":67,"column":19},"end":{"line":67,"column":null}},"type":"binary-expr","locations":[{"start":{"line":67,"column":19},"end":{"line":67,"column":78}},{"start":{"line":67,"column":78},"end":{"line":67,"column":null}}],"line":67}},"s":{"0":6,"1":6,"2":4,"3":4,"4":1,"5":4,"6":1,"7":4,"8":1,"9":4,"10":1,"11":4,"12":1,"13":1,"14":1,"15":1,"16":1,"17":4,"18":6,"19":6,"20":6,"21":6,"22":4,"23":6,"24":2,"25":2,"26":1,"27":2,"28":2,"29":2},"f":{"0":4,"1":6,"2":2,"3":1,"4":2},"b":{"0":[1,3],"1":[1,3],"2":[1,3],"3":[1,3],"4":[1,3],"5":[4,3],"6":[1,0],"7":[1,0],"8":[2,1],"9":[2,1]},"meta":{"lastBranch":10,"lastFunction":5,"lastStatement":30,"seen":{"s:7:13:7:Infinity":0,"s:9:14:18:Infinity":1,"f:20:9:20:20":0,"s:21:43:21:Infinity":2,"b:22:2:22:Infinity:undefined:undefined:undefined:undefined":0,"s:22:2:22:Infinity":3,"s:22:16:22:Infinity":4,"b:23:2:23:Infinity:undefined:undefined:undefined:undefined":1,"s:23:2:23:Infinity":5,"s:23:18:23:Infinity":6,"b:24:2:24:Infinity:undefined:undefined:undefined:undefined":2,"s:24:2:24:Infinity":7,"s:24:18:24:Infinity":8,"b:25:2:30:Infinity:undefined:undefined:undefined:undefined":3,"s:25:2:30:Infinity":9,"s:26:4:29:Infinity":10,"b:31:2:35:Infinity:undefined:undefined:undefined:undefined":4,"s:31:2:35:Infinity":11,"b:31:6:31:16:31:16:31:22":5,"s:32:4:32:Infinity":12,"b:33:4:33:Infinity:undefined:undefined:undefined:undefined":6,"s:33:4:33:Infinity":13,"s:33:16:33:Infinity":14,"b:34:4:34:Infinity:undefined:undefined:undefined:undefined":7,"s:34:4:34:Infinity":15,"s:34:14:34:Infinity":16,"s:36:2:36:Infinity":17,"s:40:0:56:Infinity":18,"f:42:4:42:11":1,"s:43:14:43:Infinity":19,"s:44:18:44:Infinity":20,"s:45:27:53:Infinity":21,"s:54:4:54:Infinity":22,"s:59:0:70:Infinity":23,"f:61:4:61:11":2,"s:62:20:65:Infinity":24,"s:66:17:66:Infinity":25,"b:66:17:66:74:66:74:66:Infinity":8,"f:66:25:66:31":3,"s:66:37:66:56":26,"s:67:19:67:Infinity":27,"b:67:19:67:78:67:78:67:Infinity":9,"f:67:27:67:33":4,"s:67:39:67:60":28,"s:68:4:68:Infinity":29},"fnNames":{}}}
,"/Users/felipefaria/Projects/email-service/backend/src/routes/send.ts": {"path":"/Users/felipefaria/Projects/email-service/backend/src/routes/send.ts","statementMap":{"0":{"start":{"line":9,"column":13},"end":{"line":9,"column":null}},"1":{"start":{"line":11,"column":17},"end":{"line":14,"column":null}},"2":{"start":{"line":18,"column":12},"end":{"line":18,"column":null}},"3":{"start":{"line":19,"column":2},"end":{"line":19,"column":null}},"4":{"start":{"line":19,"column":10},"end":{"line":19,"column":null}},"5":{"start":{"line":20,"column":2},"end":{"line":20,"column":null}},"6":{"start":{"line":35,"column":2},"end":{"line":57,"column":null}},"7":{"start":{"line":36,"column":4},"end":{"line":54,"column":null}},"8":{"start":{"line":56,"column":4},"end":{"line":56,"column":null}},"9":{"start":{"line":68,"column":0},"end":{"line":187,"column":null}},"10":{"start":{"line":71,"column":35},"end":{"line":71,"column":null}},"11":{"start":{"line":72,"column":26},"end":{"line":72,"column":null}},"12":{"start":{"line":75,"column":10},"end":{"line":80,"column":null}},"13":{"start":{"line":76,"column":18},"end":{"line":76,"column":null}},"14":{"start":{"line":77,"column":6},"end":{"line":77,"column":null}},"15":{"start":{"line":77,"column":35},"end":{"line":77,"column":null}},"16":{"start":{"line":78,"column":6},"end":{"line":78,"column":null}},"17":{"start":{"line":78,"column":30},"end":{"line":78,"column":null}},"18":{"start":{"line":78,"column":55},"end":{"line":78,"column":76}},"19":{"start":{"line":79,"column":6},"end":{"line":79,"column":null}},"20":{"start":{"line":82,"column":20},"end":{"line":88,"column":null}},"21":{"start":{"line":90,"column":4},"end":{"line":93,"column":null}},"22":{"start":{"line":91,"column":6},"end":{"line":91,"column":null}},"23":{"start":{"line":92,"column":6},"end":{"line":92,"column":null}},"24":{"start":{"line":95,"column":17},"end":{"line":102,"column":null}},"25":{"start":{"line":104,"column":4},"end":{"line":107,"column":null}},"26":{"start":{"line":105,"column":6},"end":{"line":105,"column":null}},"27":{"start":{"line":106,"column":6},"end":{"line":106,"column":null}},"28":{"start":{"line":108,"column":4},"end":{"line":111,"column":null}},"29":{"start":{"line":109,"column":6},"end":{"line":109,"column":null}},"30":{"start":{"line":110,"column":6},"end":{"line":110,"column":null}},"31":{"start":{"line":115,"column":4},"end":{"line":123,"column":null}},"32":{"start":{"line":116,"column":21},"end":{"line":116,"column":null}},"33":{"start":{"line":117,"column":6},"end":{"line":117,"column":null}},"34":{"start":{"line":118,"column":6},"end":{"line":118,"column":null}},"35":{"start":{"line":120,"column":21},"end":{"line":120,"column":null}},"36":{"start":{"line":121,"column":6},"end":{"line":121,"column":null}},"37":{"start":{"line":122,"column":6},"end":{"line":122,"column":null}},"38":{"start":{"line":124,"column":23},"end":{"line":124,"column":null}},"39":{"start":{"line":128,"column":4},"end":{"line":134,"column":null}},"40":{"start":{"line":129,"column":6},"end":{"line":129,"column":null}},"41":{"start":{"line":131,"column":21},"end":{"line":131,"column":null}},"42":{"start":{"line":132,"column":6},"end":{"line":132,"column":null}},"43":{"start":{"line":133,"column":6},"end":{"line":133,"column":null}},"44":{"start":{"line":136,"column":10},"end":{"line":136,"column":null}},"45":{"start":{"line":137,"column":4},"end":{"line":140,"column":null}},"46":{"start":{"line":138,"column":6},"end":{"line":138,"column":null}},"47":{"start":{"line":139,"column":6},"end":{"line":139,"column":null}},"48":{"start":{"line":143,"column":4},"end":{"line":162,"column":null}},"49":{"start":{"line":144,"column":6},"end":{"line":150,"column":null}},"50":{"start":{"line":152,"column":6},"end":{"line":158,"column":null}},"51":{"start":{"line":159,"column":6},"end":{"line":161,"column":null}},"52":{"start":{"line":164,"column":4},"end":{"line":177,"column":null}},"53":{"start":{"line":177,"column":20},"end":{"line":177,"column":65}},"54":{"start":{"line":179,"column":4},"end":{"line":185,"column":null}}},"fnMap":{"0":{"name":"parseVersionParam","decl":{"start":{"line":17,"column":9},"end":{"line":17,"column":27}},"loc":{"start":{"line":17,"column":48},"end":{"line":21,"column":null}},"line":17},"1":{"name":"logFailure","decl":{"start":{"line":24,"column":15},"end":{"line":24,"column":26}},"loc":{"start":{"line":34,"column":3},"end":{"line":58,"column":null}},"line":34},"2":{"name":"(anonymous_2)","decl":{"start":{"line":70,"column":4},"end":{"line":70,"column":11}},"loc":{"start":{"line":70,"column":24},"end":{"line":186,"column":3}},"line":70},"3":{"name":"(anonymous_3)","decl":{"start":{"line":75,"column":10},"end":{"line":75,"column":26}},"loc":{"start":{"line":75,"column":26},"end":{"line":80,"column":7}},"line":75},"4":{"name":"(anonymous_4)","decl":{"start":{"line":78,"column":41},"end":{"line":78,"column":49}},"loc":{"start":{"line":78,"column":55},"end":{"line":78,"column":76}},"line":78},"5":{"name":"(anonymous_5)","decl":{"start":{"line":177,"column":7},"end":{"line":177,"column":14}},"loc":{"start":{"line":177,"column":20},"end":{"line":177,"column":65}},"line":177}},"branchMap":{"0":{"loc":{"start":{"line":19,"column":2},"end":{"line":19,"column":null}},"type":"if","locations":[{"start":{"line":19,"column":2},"end":{"line":19,"column":null}},{"start":{},"end":{}}],"line":19},"1":{"loc":{"start":{"line":40,"column":17},"end":{"line":40,"column":null}},"type":"binary-expr","locations":[{"start":{"line":40,"column":17},"end":{"line":40,"column":33}},{"start":{"line":40,"column":33},"end":{"line":40,"column":null}}],"line":40},"2":{"loc":{"start":{"line":44,"column":21},"end":{"line":44,"column":null}},"type":"binary-expr","locations":[{"start":{"line":44,"column":21},"end":{"line":44,"column":41}},{"start":{"line":44,"column":41},"end":{"line":44,"column":null}}],"line":44},"3":{"loc":{"start":{"line":45,"column":19},"end":{"line":45,"column":null}},"type":"binary-expr","locations":[{"start":{"line":45,"column":19},"end":{"line":45,"column":37}},{"start":{"line":45,"column":37},"end":{"line":45,"column":null}}],"line":45},"4":{"loc":{"start":{"line":48,"column":10},"end":{"line":52,"column":null}},"type":"cond-expr","locations":[{"start":{"line":49,"column":14},"end":{"line":49,"column":null}},{"start":{"line":50,"column":14},"end":{"line":52,"column":null}}],"line":48},"5":{"loc":{"start":{"line":50,"column":14},"end":{"line":52,"column":null}},"type":"cond-expr","locations":[{"start":{"line":51,"column":16},"end":{"line":51,"column":null}},{"start":{"line":52,"column":16},"end":{"line":52,"column":null}}],"line":50},"6":{"loc":{"start":{"line":77,"column":6},"end":{"line":77,"column":null}},"type":"if","locations":[{"start":{"line":77,"column":6},"end":{"line":77,"column":null}},{"start":{},"end":{}}],"line":77},"7":{"loc":{"start":{"line":78,"column":6},"end":{"line":78,"column":null}},"type":"if","locations":[{"start":{"line":78,"column":6},"end":{"line":78,"column":null}},{"start":{},"end":{}}],"line":78},"8":{"loc":{"start":{"line":90,"column":4},"end":{"line":93,"column":null}},"type":"if","locations":[{"start":{"line":90,"column":4},"end":{"line":93,"column":null}},{"start":{},"end":{}}],"line":90},"9":{"loc":{"start":{"line":100,"column":19},"end":{"line":100,"column":null}},"type":"binary-expr","locations":[{"start":{"line":100,"column":19},"end":{"line":100,"column":44}},{"start":{"line":100,"column":44},"end":{"line":100,"column":null}}],"line":100},"10":{"loc":{"start":{"line":104,"column":4},"end":{"line":107,"column":null}},"type":"if","locations":[{"start":{"line":104,"column":4},"end":{"line":107,"column":null}},{"start":{},"end":{}}],"line":104},"11":{"loc":{"start":{"line":108,"column":4},"end":{"line":111,"column":null}},"type":"if","locations":[{"start":{"line":108,"column":4},"end":{"line":111,"column":null}},{"start":{},"end":{}}],"line":108},"12":{"loc":{"start":{"line":120,"column":21},"end":{"line":120,"column":null}},"type":"cond-expr","locations":[{"start":{"line":120,"column":47},"end":{"line":120,"column":58}},{"start":{"line":120,"column":58},"end":{"line":120,"column":null}}],"line":120},"13":{"loc":{"start":{"line":124,"column":23},"end":{"line":124,"column":null}},"type":"cond-expr","locations":[{"start":{"line":124,"column":43},"end":{"line":124,"column":48}},{"start":{"line":124,"column":48},"end":{"line":124,"column":null}}],"line":124},"14":{"loc":{"start":{"line":131,"column":21},"end":{"line":131,"column":null}},"type":"cond-expr","locations":[{"start":{"line":131,"column":47},"end":{"line":131,"column":58}},{"start":{"line":131,"column":58},"end":{"line":131,"column":null}}],"line":131},"15":{"loc":{"start":{"line":137,"column":4},"end":{"line":140,"column":null}},"type":"if","locations":[{"start":{"line":137,"column":4},"end":{"line":140,"column":null}},{"start":{},"end":{}}],"line":137},"16":{"loc":{"start":{"line":157,"column":21},"end":{"line":157,"column":null}},"type":"cond-expr","locations":[{"start":{"line":157,"column":42},"end":{"line":157,"column":54}},{"start":{"line":157,"column":54},"end":{"line":157,"column":null}}],"line":157},"17":{"loc":{"start":{"line":160,"column":17},"end":{"line":160,"column":null}},"type":"cond-expr","locations":[{"start":{"line":160,"column":38},"end":{"line":160,"column":50}},{"start":{"line":160,"column":50},"end":{"line":160,"column":null}}],"line":160}},"s":{"0":6,"1":6,"2":12,"3":12,"4":1,"5":11,"6":8,"7":8,"8":0,"9":6,"10":12,"11":12,"12":12,"13":11,"14":11,"15":9,"16":2,"17":2,"18":5,"19":0,"20":12,"21":11,"22":2,"23":2,"24":9,"25":12,"26":1,"27":1,"28":8,"29":1,"30":1,"31":7,"32":7,"33":7,"34":7,"35":1,"36":1,"37":1,"38":6,"39":12,"40":12,"41":1,"42":1,"43":1,"44":5,"45":5,"46":1,"47":1,"48":4,"49":4,"50":1,"51":1,"52":3,"53":0,"54":3},"f":{"0":12,"1":8,"2":12,"3":11,"4":5,"5":0},"b":{"0":[1,11],"1":[8,2],"2":[8,3],"3":[8,2],"4":[4,4],"5":[1,3],"6":[9,2],"7":[2,0],"8":[2,9],"9":[9,1],"10":[1,11],"11":[1,7],"12":[1,0],"13":[1,5],"14":[1,0],"15":[1,4],"16":[1,0],"17":[1,0]},"meta":{"lastBranch":18,"lastFunction":6,"lastStatement":55,"seen":{"s:9:13:9:Infinity":0,"s:11:17:14:Infinity":1,"f:17:9:17:27":0,"s:18:12:18:Infinity":2,"b:19:2:19:Infinity:undefined:undefined:undefined:undefined":0,"s:19:2:19:Infinity":3,"s:19:10:19:Infinity":4,"s:20:2:20:Infinity":5,"f:24:15:24:26":1,"s:35:2:57:Infinity":6,"s:36:4:54:Infinity":7,"b:40:17:40:33:40:33:40:Infinity":1,"b:44:21:44:41:44:41:44:Infinity":2,"b:45:19:45:37:45:37:45:Infinity":3,"b:49:14:49:Infinity:50:14:52:Infinity":4,"b:51:16:51:Infinity:52:16:52:Infinity":5,"s:56:4:56:Infinity":8,"s:68:0:187:Infinity":9,"f:70:4:70:11":2,"s:71:35:71:Infinity":10,"s:72:26:72:Infinity":11,"s:75:10:80:Infinity":12,"f:75:10:75:26":3,"s:76:18:76:Infinity":13,"b:77:6:77:Infinity:undefined:undefined:undefined:undefined":6,"s:77:6:77:Infinity":14,"s:77:35:77:Infinity":15,"b:78:6:78:Infinity:undefined:undefined:undefined:undefined":7,"s:78:6:78:Infinity":16,"s:78:30:78:Infinity":17,"f:78:41:78:49":4,"s:78:55:78:76":18,"s:79:6:79:Infinity":19,"s:82:20:88:Infinity":20,"b:90:4:93:Infinity:undefined:undefined:undefined:undefined":8,"s:90:4:93:Infinity":21,"s:91:6:91:Infinity":22,"s:92:6:92:Infinity":23,"s:95:17:102:Infinity":24,"b:100:19:100:44:100:44:100:Infinity":9,"b:104:4:107:Infinity:undefined:undefined:undefined:undefined":10,"s:104:4:107:Infinity":25,"s:105:6:105:Infinity":26,"s:106:6:106:Infinity":27,"b:108:4:111:Infinity:undefined:undefined:undefined:undefined":11,"s:108:4:111:Infinity":28,"s:109:6:109:Infinity":29,"s:110:6:110:Infinity":30,"s:115:4:123:Infinity":31,"s:116:21:116:Infinity":32,"s:117:6:117:Infinity":33,"s:118:6:118:Infinity":34,"s:120:21:120:Infinity":35,"b:120:47:120:58:120:58:120:Infinity":12,"s:121:6:121:Infinity":36,"s:122:6:122:Infinity":37,"s:124:23:124:Infinity":38,"b:124:43:124:48:124:48:124:Infinity":13,"s:128:4:134:Infinity":39,"s:129:6:129:Infinity":40,"s:131:21:131:Infinity":41,"b:131:47:131:58:131:58:131:Infinity":14,"s:132:6:132:Infinity":42,"s:133:6:133:Infinity":43,"s:136:10:136:Infinity":44,"b:137:4:140:Infinity:undefined:undefined:undefined:undefined":15,"s:137:4:140:Infinity":45,"s:138:6:138:Infinity":46,"s:139:6:139:Infinity":47,"s:143:4:162:Infinity":48,"s:144:6:150:Infinity":49,"s:152:6:158:Infinity":50,"b:157:42:157:54:157:54:157:Infinity":16,"s:159:6:161:Infinity":51,"b:160:38:160:50:160:50:160:Infinity":17,"s:164:4:177:Infinity":52,"f:177:7:177:14":5,"s:177:20:177:65":53,"s:179:4:185:Infinity":54},"fnNames":{}}}
,"/Users/felipefaria/Projects/email-service/backend/src/routes/senders.ts": {"path":"/Users/felipefaria/Projects/email-service/backend/src/routes/senders.ts","statementMap":{"0":{"start":{"line":6,"column":13},"end":{"line":6,"column":null}},"1":{"start":{"line":8,"column":20},"end":{"line":12,"column":null}},"2":{"start":{"line":14,"column":0},"end":{"line":19,"column":null}},"3":{"start":{"line":17,"column":4},"end":{"line":17,"column":null}},"4":{"start":{"line":21,"column":0},"end":{"line":27,"column":null}},"5":{"start":{"line":24,"column":17},"end":{"line":24,"column":null}},"6":{"start":{"line":25,"column":4},"end":{"line":25,"column":null}},"7":{"start":{"line":29,"column":0},"end":{"line":35,"column":null}},"8":{"start":{"line":32,"column":17},"end":{"line":32,"column":null}},"9":{"start":{"line":33,"column":4},"end":{"line":33,"column":null}},"10":{"start":{"line":37,"column":0},"end":{"line":45,"column":null}},"11":{"start":{"line":40,"column":4},"end":{"line":42,"column":null}},"12":{"start":{"line":41,"column":6},"end":{"line":41,"column":null}},"13":{"start":{"line":43,"column":4},"end":{"line":43,"column":null}}},"fnMap":{"0":{"name":"(anonymous_0)","decl":{"start":{"line":16,"column":4},"end":{"line":16,"column":11}},"loc":{"start":{"line":16,"column":25},"end":{"line":18,"column":3}},"line":16},"1":{"name":"(anonymous_1)","decl":{"start":{"line":23,"column":4},"end":{"line":23,"column":11}},"loc":{"start":{"line":23,"column":24},"end":{"line":26,"column":3}},"line":23},"2":{"name":"(anonymous_2)","decl":{"start":{"line":31,"column":4},"end":{"line":31,"column":11}},"loc":{"start":{"line":31,"column":24},"end":{"line":34,"column":3}},"line":31},"3":{"name":"(anonymous_3)","decl":{"start":{"line":39,"column":4},"end":{"line":39,"column":11}},"loc":{"start":{"line":39,"column":24},"end":{"line":44,"column":3}},"line":39},"4":{"name":"(anonymous_4)","decl":{"start":{"line":40,"column":65},"end":{"line":40,"column":77}},"loc":{"start":{"line":40,"column":77},"end":{"line":42,"column":5}},"line":40}},"branchMap":{},"s":{"0":6,"1":6,"2":6,"3":1,"4":6,"5":3,"6":3,"7":6,"8":1,"9":1,"10":6,"11":2,"12":1,"13":1},"f":{"0":1,"1":3,"2":1,"3":2,"4":1},"b":{},"meta":{"lastBranch":0,"lastFunction":5,"lastStatement":14,"seen":{"s:6:13:6:Infinity":0,"s:8:20:12:Infinity":1,"s:14:0:19:Infinity":2,"f:16:4:16:11":0,"s:17:4:17:Infinity":3,"s:21:0:27:Infinity":4,"f:23:4:23:11":1,"s:24:17:24:Infinity":5,"s:25:4:25:Infinity":6,"s:29:0:35:Infinity":7,"f:31:4:31:11":2,"s:32:17:32:Infinity":8,"s:33:4:33:Infinity":9,"s:37:0:45:Infinity":10,"f:39:4:39:11":3,"s:40:4:42:Infinity":11,"f:40:65:40:77":4,"s:41:6:41:Infinity":12,"s:43:4:43:Infinity":13},"fnNames":{}}}
,"/Users/felipefaria/Projects/email-service/backend/src/routes/templates.ts": {"path":"/Users/felipefaria/Projects/email-service/backend/src/routes/templates.ts","statementMap":{"0":{"start":{"line":6,"column":13},"end":{"line":6,"column":null}},"1":{"start":{"line":8,"column":13},"end":{"line":8,"column":null}},"2":{"start":{"line":10,"column":22},"end":{"line":14,"column":null}},"3":{"start":{"line":17,"column":0},"end":{"line":32,"column":null}},"4":{"start":{"line":20,"column":23},"end":{"line":20,"column":null}},"5":{"start":{"line":21,"column":4},"end":{"line":30,"column":null}},"6":{"start":{"line":34,"column":0},"end":{"line":50,"column":null}},"7":{"start":{"line":37,"column":21},"end":{"line":46,"column":null}},"8":{"start":{"line":47,"column":4},"end":{"line":47,"column":null}},"9":{"start":{"line":47,"column":19},"end":{"line":47,"column":null}},"10":{"start":{"line":48,"column":4},"end":{"line":48,"column":null}},"11":{"start":{"line":52,"column":0},"end":{"line":58,"column":null}},"12":{"start":{"line":55,"column":17},"end":{"line":55,"column":null}},"13":{"start":{"line":56,"column":4},"end":{"line":56,"column":null}},"14":{"start":{"line":60,"column":0},"end":{"line":66,"column":null}},"15":{"start":{"line":63,"column":17},"end":{"line":63,"column":null}},"16":{"start":{"line":64,"column":4},"end":{"line":64,"column":null}},"17":{"start":{"line":68,"column":0},"end":{"line":74,"column":null}},"18":{"start":{"line":71,"column":4},"end":{"line":71,"column":null}},"19":{"start":{"line":72,"column":4},"end":{"line":72,"column":null}}},"fnMap":{"0":{"name":"(anonymous_0)","decl":{"start":{"line":19,"column":4},"end":{"line":19,"column":11}},"loc":{"start":{"line":19,"column":24},"end":{"line":31,"column":3}},"line":19},"1":{"name":"(anonymous_1)","decl":{"start":{"line":36,"column":4},"end":{"line":36,"column":11}},"loc":{"start":{"line":36,"column":24},"end":{"line":49,"column":3}},"line":36},"2":{"name":"(anonymous_2)","decl":{"start":{"line":54,"column":4},"end":{"line":54,"column":11}},"loc":{"start":{"line":54,"column":24},"end":{"line":57,"column":3}},"line":54},"3":{"name":"(anonymous_3)","decl":{"start":{"line":62,"column":4},"end":{"line":62,"column":11}},"loc":{"start":{"line":62,"column":24},"end":{"line":65,"column":3}},"line":62},"4":{"name":"(anonymous_4)","decl":{"start":{"line":70,"column":4},"end":{"line":70,"column":11}},"loc":{"start":{"line":70,"column":24},"end":{"line":73,"column":3}},"line":70}},"branchMap":{"0":{"loc":{"start":{"line":23,"column":15},"end":{"line":23,"column":null}},"type":"cond-expr","locations":[{"start":{"line":23,"column":28},"end":{"line":23,"column":45}},{"start":{"line":23,"column":45},"end":{"line":23,"column":null}}],"line":23},"1":{"loc":{"start":{"line":47,"column":4},"end":{"line":47,"column":null}},"type":"if","locations":[{"start":{"line":47,"column":4},"end":{"line":47,"column":null}},{"start":{},"end":{}}],"line":47}},"s":{"0":6,"1":6,"2":6,"3":6,"4":2,"5":2,"6":6,"7":2,"8":2,"9":1,"10":1,"11":6,"12":3,"13":3,"14":6,"15":1,"16":1,"17":6,"18":1,"19":1},"f":{"0":2,"1":2,"2":3,"3":1,"4":1},"b":{"0":[1,1],"1":[1,1]},"meta":{"lastBranch":2,"lastFunction":5,"lastStatement":20,"seen":{"s:6:13:6:Infinity":0,"s:8:13:8:Infinity":1,"s:10:22:14:Infinity":2,"s:17:0:32:Infinity":3,"f:19:4:19:11":0,"s:20:23:20:Infinity":4,"s:21:4:30:Infinity":5,"b:23:28:23:45:23:45:23:Infinity":0,"s:34:0:50:Infinity":6,"f:36:4:36:11":1,"s:37:21:46:Infinity":7,"b:47:4:47:Infinity:undefined:undefined:undefined:undefined":1,"s:47:4:47:Infinity":8,"s:47:19:47:Infinity":9,"s:48:4:48:Infinity":10,"s:52:0:58:Infinity":11,"f:54:4:54:11":2,"s:55:17:55:Infinity":12,"s:56:4:56:Infinity":13,"s:60:0:66:Infinity":14,"f:62:4:62:11":3,"s:63:17:63:Infinity":15,"s:64:4:64:Infinity":16,"s:68:0:74:Infinity":17,"f:70:4:70:11":4,"s:71:4:71:Infinity":18,"s:72:4:72:Infinity":19},"fnNames":{}}}
,"/Users/felipefaria/Projects/email-service/backend/src/routes/versions.ts": {"path":"/Users/felipefaria/Projects/email-service/backend/src/routes/versions.ts","statementMap":{"0":{"start":{"line":7,"column":13},"end":{"line":7,"column":null}},"1":{"start":{"line":9,"column":20},"end":{"line":14,"column":null}},"2":{"start":{"line":18,"column":2},"end":{"line":18,"column":null}},"3":{"start":{"line":18,"column":28},"end":{"line":18,"column":null}},"4":{"start":{"line":19,"column":2},"end":{"line":22,"column":null}},"5":{"start":{"line":20,"column":17},"end":{"line":20,"column":null}},"6":{"start":{"line":21,"column":4},"end":{"line":21,"column":null}},"7":{"start":{"line":21,"column":33},"end":{"line":21,"column":87}},"8":{"start":{"line":23,"column":2},"end":{"line":23,"column":null}},"9":{"start":{"line":27,"column":2},"end":{"line":27,"column":null}},"10":{"start":{"line":31,"column":12},"end":{"line":34,"column":null}},"11":{"start":{"line":35,"column":2},"end":{"line":35,"column":null}},"12":{"start":{"line":35,"column":10},"end":{"line":35,"column":null}},"13":{"start":{"line":36,"column":2},"end":{"line":36,"column":null}},"14":{"start":{"line":41,"column":0},"end":{"line":75,"column":null}},"15":{"start":{"line":44,"column":27},"end":{"line":44,"column":null}},"16":{"start":{"line":45,"column":21},"end":{"line":45,"column":null}},"17":{"start":{"line":46,"column":4},"end":{"line":46,"column":null}},"18":{"start":{"line":46,"column":19},"end":{"line":46,"column":null}},"19":{"start":{"line":48,"column":19},"end":{"line":48,"column":null}},"20":{"start":{"line":49,"column":15},"end":{"line":49,"column":null}},"21":{"start":{"line":50,"column":4},"end":{"line":53,"column":null}},"22":{"start":{"line":51,"column":18},"end":{"line":51,"column":null}},"23":{"start":{"line":52,"column":6},"end":{"line":52,"column":null}},"24":{"start":{"line":52,"column":15},"end":{"line":52,"column":null}},"25":{"start":{"line":54,"column":17},"end":{"line":54,"column":null}},"26":{"start":{"line":56,"column":17},"end":{"line":59,"column":null}},"27":{"start":{"line":60,"column":10},"end":{"line":60,"column":null}},"28":{"start":{"line":62,"column":20},"end":{"line":72,"column":null}},"29":{"start":{"line":73,"column":4},"end":{"line":73,"column":null}},"30":{"start":{"line":77,"column":0},"end":{"line":77,"column":null}},"31":{"start":{"line":77,"column":52},"end":{"line":77,"column":94}},"32":{"start":{"line":82,"column":0},"end":{"line":109,"column":null}},"33":{"start":{"line":85,"column":21},"end":{"line":85,"column":null}},"34":{"start":{"line":86,"column":17},"end":{"line":86,"column":null}},"35":{"start":{"line":88,"column":4},"end":{"line":96,"column":null}},"36":{"start":{"line":93,"column":6},"end":{"line":95,"column":null}},"37":{"start":{"line":97,"column":20},"end":{"line":106,"column":null}},"38":{"start":{"line":107,"column":4},"end":{"line":107,"column":null}},"39":{"start":{"line":111,"column":0},"end":{"line":124,"column":null}},"40":{"start":{"line":114,"column":14},"end":{"line":114,"column":null}},"41":{"start":{"line":115,"column":4},"end":{"line":115,"column":null}},"42":{"start":{"line":115,"column":21},"end":{"line":115,"column":null}},"43":{"start":{"line":116,"column":4},"end":{"line":122,"column":null}},"44":{"start":{"line":127,"column":0},"end":{"line":134,"column":null}},"45":{"start":{"line":130,"column":14},"end":{"line":130,"column":null}},"46":{"start":{"line":131,"column":17},"end":{"line":131,"column":null}},"47":{"start":{"line":132,"column":4},"end":{"line":132,"column":null}},"48":{"start":{"line":136,"column":0},"end":{"line":142,"column":null}},"49":{"start":{"line":139,"column":4},"end":{"line":139,"column":null}},"50":{"start":{"line":140,"column":4},"end":{"line":140,"column":null}}},"fnMap":{"0":{"name":"canonical","decl":{"start":{"line":17,"column":9},"end":{"line":17,"column":19}},"loc":{"start":{"line":17,"column":43},"end":{"line":24,"column":null}},"line":17},"1":{"name":"(anonymous_1)","decl":{"start":{"line":21,"column":22},"end":{"line":21,"column":27}},"loc":{"start":{"line":21,"column":33},"end":{"line":21,"column":87}},"line":21},"2":{"name":"schemaEqual","decl":{"start":{"line":26,"column":9},"end":{"line":26,"column":21}},"loc":{"start":{"line":26,"column":54},"end":{"line":28,"column":null}},"line":26},"3":{"name":"loadVersion","decl":{"start":{"line":30,"column":15},"end":{"line":30,"column":27}},"loc":{"start":{"line":30,"column":39},"end":{"line":37,"column":null}},"line":30},"4":{"name":"(anonymous_4)","decl":{"start":{"line":43,"column":4},"end":{"line":43,"column":11}},"loc":{"start":{"line":43,"column":24},"end":{"line":74,"column":3}},"line":43},"5":{"name":"(anonymous_5)","decl":{"start":{"line":77,"column":32},"end":{"line":77,"column":39}},"loc":{"start":{"line":77,"column":52},"end":{"line":77,"column":94}},"line":77},"6":{"name":"(anonymous_6)","decl":{"start":{"line":84,"column":4},"end":{"line":84,"column":11}},"loc":{"start":{"line":84,"column":24},"end":{"line":108,"column":3}},"line":84},"7":{"name":"(anonymous_7)","decl":{"start":{"line":113,"column":4},"end":{"line":113,"column":11}},"loc":{"start":{"line":113,"column":24},"end":{"line":123,"column":3}},"line":113},"8":{"name":"(anonymous_8)","decl":{"start":{"line":129,"column":4},"end":{"line":129,"column":11}},"loc":{"start":{"line":129,"column":24},"end":{"line":133,"column":3}},"line":129},"9":{"name":"(anonymous_9)","decl":{"start":{"line":138,"column":4},"end":{"line":138,"column":11}},"loc":{"start":{"line":138,"column":24},"end":{"line":141,"column":3}},"line":138}},"branchMap":{"0":{"loc":{"start":{"line":18,"column":2},"end":{"line":18,"column":null}},"type":"if","locations":[{"start":{"line":18,"column":2},"end":{"line":18,"column":null}},{"start":{},"end":{}}],"line":18},"1":{"loc":{"start":{"line":19,"column":2},"end":{"line":22,"column":null}},"type":"if","locations":[{"start":{"line":19,"column":2},"end":{"line":22,"column":null}},{"start":{},"end":{}}],"line":19},"2":{"loc":{"start":{"line":19,"column":6},"end":{"line":19,"column":42}},"type":"binary-expr","locations":[{"start":{"line":19,"column":6},"end":{"line":19,"column":15}},{"start":{"line":19,"column":15},"end":{"line":19,"column":42}}],"line":19},"3":{"loc":{"start":{"line":23,"column":24},"end":{"line":23,"column":37}},"type":"binary-expr","locations":[{"start":{"line":23,"column":24},"end":{"line":23,"column":33}},{"start":{"line":23,"column":33},"end":{"line":23,"column":37}}],"line":23},"4":{"loc":{"start":{"line":35,"column":2},"end":{"line":35,"column":null}},"type":"if","locations":[{"start":{"line":35,"column":2},"end":{"line":35,"column":null}},{"start":{},"end":{}}],"line":35},"5":{"loc":{"start":{"line":46,"column":4},"end":{"line":46,"column":null}},"type":"if","locations":[{"start":{"line":46,"column":4},"end":{"line":46,"column":null}},{"start":{},"end":{}}],"line":46},"6":{"loc":{"start":{"line":50,"column":4},"end":{"line":53,"column":null}},"type":"if","locations":[{"start":{"line":50,"column":4},"end":{"line":53,"column":null}},{"start":{},"end":{}}],"line":50},"7":{"loc":{"start":{"line":52,"column":6},"end":{"line":52,"column":null}},"type":"if","locations":[{"start":{"line":52,"column":6},"end":{"line":52,"column":null}},{"start":{},"end":{}}],"line":52},"8":{"loc":{"start":{"line":60,"column":24},"end":{"line":60,"column":46}},"type":"binary-expr","locations":[{"start":{"line":60,"column":24},"end":{"line":60,"column":41}},{"start":{"line":60,"column":41},"end":{"line":60,"column":46}}],"line":60},"9":{"loc":{"start":{"line":66,"column":17},"end":{"line":66,"column":null}},"type":"binary-expr","locations":[{"start":{"line":66,"column":17},"end":{"line":66,"column":33}},{"start":{"line":66,"column":33},"end":{"line":66,"column":null}}],"line":66},"10":{"loc":{"start":{"line":67,"column":14},"end":{"line":67,"column":null}},"type":"binary-expr","locations":[{"start":{"line":67,"column":14},"end":{"line":67,"column":27}},{"start":{"line":67,"column":27},"end":{"line":67,"column":null}}],"line":67},"11":{"loc":{"start":{"line":68,"column":21},"end":{"line":68,"column":null}},"type":"binary-expr","locations":[{"start":{"line":68,"column":21},"end":{"line":68,"column":40}},{"start":{"line":68,"column":40},"end":{"line":68,"column":null}}],"line":68},"12":{"loc":{"start":{"line":69,"column":18},"end":{"line":69,"column":null}},"type":"cond-expr","locations":[{"start":{"line":69,"column":48},"end":{"line":69,"column":64}},{"start":{"line":69,"column":64},"end":{"line":69,"column":null}}],"line":69},"13":{"loc":{"start":{"line":88,"column":4},"end":{"line":96,"column":null}},"type":"if","locations":[{"start":{"line":88,"column":4},"end":{"line":96,"column":null}},{"start":{},"end":{}}],"line":88},"14":{"loc":{"start":{"line":89,"column":6},"end":{"line":91,"column":null}},"type":"binary-expr","locations":[{"start":{"line":89,"column":6},"end":{"line":89,"column":null}},{"start":{"line":90,"column":6},"end":{"line":90,"column":null}},{"start":{"line":91,"column":6},"end":{"line":91,"column":null}}],"line":89},"15":{"loc":{"start":{"line":100,"column":12},"end":{"line":100,"column":null}},"type":"binary-expr","locations":[{"start":{"line":100,"column":12},"end":{"line":100,"column":42}},{"start":{"line":100,"column":42},"end":{"line":100,"column":null}}],"line":100},"16":{"loc":{"start":{"line":101,"column":12},"end":{"line":101,"column":null}},"type":"binary-expr","locations":[{"start":{"line":101,"column":12},"end":{"line":101,"column":39}},{"start":{"line":101,"column":39},"end":{"line":101,"column":null}}],"line":101},"17":{"loc":{"start":{"line":102,"column":12},"end":{"line":102,"column":null}},"type":"binary-expr","locations":[{"start":{"line":102,"column":12},"end":{"line":102,"column":45}},{"start":{"line":102,"column":45},"end":{"line":102,"column":null}}],"line":102},"18":{"loc":{"start":{"line":103,"column":12},"end":{"line":103,"column":null}},"type":"binary-expr","locations":[{"start":{"line":103,"column":12},"end":{"line":103,"column":43}},{"start":{"line":103,"column":43},"end":{"line":103,"column":null}}],"line":103},"19":{"loc":{"start":{"line":115,"column":4},"end":{"line":115,"column":null}},"type":"if","locations":[{"start":{"line":115,"column":4},"end":{"line":115,"column":null}},{"start":{},"end":{}}],"line":115},"20":{"loc":{"start":{"line":131,"column":53},"end":{"line":131,"column":73}},"type":"binary-expr","locations":[{"start":{"line":131,"column":53},"end":{"line":131,"column":71}},{"start":{"line":131,"column":71},"end":{"line":131,"column":73}}],"line":131}},"s":{"0":6,"1":6,"2":20,"3":2,"4":18,"5":8,"6":8,"7":12,"8":10,"9":2,"10":9,"11":9,"12":1,"13":8,"14":6,"15":5,"16":5,"17":5,"18":1,"19":4,"20":4,"21":4,"22":2,"23":2,"24":1,"25":4,"26":4,"27":4,"28":5,"29":4,"30":6,"31":2,"32":6,"33":4,"34":4,"35":4,"36":1,"37":3,"38":3,"39":6,"40":2,"41":2,"42":1,"43":1,"44":6,"45":1,"46":1,"47":1,"48":6,"49":1,"50":1},"f":{"0":20,"1":12,"2":2,"3":9,"4":5,"5":2,"6":4,"7":2,"8":1,"9":1},"b":{"0":[2,18],"1":[8,10],"2":[18,18],"3":[10,0],"4":[1,8],"5":[1,4],"6":[2,2],"7":[1,1],"8":[4,2],"9":[5,2],"10":[5,4],"11":[5,4],"12":[0,4],"13":[1,3],"14":[4,2,2],"15":[3,2],"16":[4,0],"17":[4,2],"18":[4,1],"19":[1,1],"20":[1,0]},"meta":{"lastBranch":21,"lastFunction":10,"lastStatement":51,"seen":{"s:7:13:7:Infinity":0,"s:9:20:14:Infinity":1,"f:17:9:17:19":0,"b:18:2:18:Infinity:undefined:undefined:undefined:undefined":0,"s:18:2:18:Infinity":2,"s:18:28:18:Infinity":3,"b:19:2:22:Infinity:undefined:undefined:undefined:undefined":1,"s:19:2:22:Infinity":4,"b:19:6:19:15:19:15:19:42":2,"s:20:17:20:Infinity":5,"s:21:4:21:Infinity":6,"f:21:22:21:27":1,"s:21:33:21:87":7,"s:23:2:23:Infinity":8,"b:23:24:23:33:23:33:23:37":3,"f:26:9:26:21":2,"s:27:2:27:Infinity":9,"f:30:15:30:27":3,"s:31:12:34:Infinity":10,"b:35:2:35:Infinity:undefined:undefined:undefined:undefined":4,"s:35:2:35:Infinity":11,"s:35:10:35:Infinity":12,"s:36:2:36:Infinity":13,"s:41:0:75:Infinity":14,"f:43:4:43:11":4,"s:44:27:44:Infinity":15,"s:45:21:45:Infinity":16,"b:46:4:46:Infinity:undefined:undefined:undefined:undefined":5,"s:46:4:46:Infinity":17,"s:46:19:46:Infinity":18,"s:48:19:48:Infinity":19,"s:49:15:49:Infinity":20,"b:50:4:53:Infinity:undefined:undefined:undefined:undefined":6,"s:50:4:53:Infinity":21,"s:51:18:51:Infinity":22,"b:52:6:52:Infinity:undefined:undefined:undefined:undefined":7,"s:52:6:52:Infinity":23,"s:52:15:52:Infinity":24,"s:54:17:54:Infinity":25,"s:56:17:59:Infinity":26,"s:60:10:60:Infinity":27,"b:60:24:60:41:60:41:60:46":8,"s:62:20:72:Infinity":28,"b:66:17:66:33:66:33:66:Infinity":9,"b:67:14:67:27:67:27:67:Infinity":10,"b:68:21:68:40:68:40:68:Infinity":11,"b:69:48:69:64:69:64:69:Infinity":12,"s:73:4:73:Infinity":29,"s:77:0:77:Infinity":30,"f:77:32:77:39":5,"s:77:52:77:94":31,"s:82:0:109:Infinity":32,"f:84:4:84:11":6,"s:85:21:85:Infinity":33,"s:86:17:86:Infinity":34,"b:88:4:96:Infinity:undefined:undefined:undefined:undefined":13,"s:88:4:96:Infinity":35,"b:89:6:89:Infinity:90:6:90:Infinity:91:6:91:Infinity":14,"s:93:6:95:Infinity":36,"s:97:20:106:Infinity":37,"b:100:12:100:42:100:42:100:Infinity":15,"b:101:12:101:39:101:39:101:Infinity":16,"b:102:12:102:45:102:45:102:Infinity":17,"b:103:12:103:43:103:43:103:Infinity":18,"s:107:4:107:Infinity":38,"s:111:0:124:Infinity":39,"f:113:4:113:11":7,"s:114:14:114:Infinity":40,"b:115:4:115:Infinity:undefined:undefined:undefined:undefined":19,"s:115:4:115:Infinity":41,"s:115:21:115:Infinity":42,"s:116:4:122:Infinity":43,"s:127:0:134:Infinity":44,"f:129:4:129:11":8,"s:130:14:130:Infinity":45,"s:131:17:131:Infinity":46,"b:131:53:131:71:131:71:131:73":20,"s:132:4:132:Infinity":47,"s:136:0:142:Infinity":48,"f:138:4:138:11":9,"s:139:4:139:Infinity":49,"s:140:4:140:Infinity":50},"fnNames":{}}}
,"/Users/felipefaria/Projects/email-service/backend/src/services/render.ts": {"path":"/Users/felipefaria/Projects/email-service/backend/src/services/render.ts","statementMap":{"0":{"start":{"line":19,"column":27},"end":{"line":19,"column":null}},"1":{"start":{"line":21,"column":18},"end":{"line":21,"column":null}},"2":{"start":{"line":22,"column":21},"end":{"line":22,"column":null}},"3":{"start":{"line":25,"column":24},"end":{"line":27,"column":null}},"4":{"start":{"line":28,"column":2},"end":{"line":28,"column":null}},"5":{"start":{"line":28,"column":30},"end":{"line":28,"column":null}},"6":{"start":{"line":30,"column":2},"end":{"line":30,"column":null}}},"fnMap":{"0":{"name":"render","decl":{"start":{"line":14,"column":16},"end":{"line":14,"column":null}},"loc":{"start":{"line":18,"column":16},"end":{"line":31,"column":null}},"line":18}},"branchMap":{},"s":{"0":11,"1":11,"2":11,"3":11,"4":11,"5":2,"6":11},"f":{"0":11},"b":{},"meta":{"lastBranch":0,"lastFunction":1,"lastStatement":7,"seen":{"f:14:16:14:Infinity":0,"s:19:27:19:Infinity":0,"s:21:18:21:Infinity":1,"s:22:21:22:Infinity":2,"s:25:24:27:Infinity":3,"s:28:2:28:Infinity":4,"s:28:30:28:Infinity":5,"s:30:2:30:Infinity":6},"fnNames":{}}}
,"/Users/felipefaria/Projects/email-service/backend/src/services/ses.ts": {"path":"/Users/felipefaria/Projects/email-service/backend/src/services/ses.ts","statementMap":{"0":{"start":{"line":3,"column":16},"end":{"line":3,"column":null}},"1":{"start":{"line":6,"column":16},"end":{"line":6,"column":null}},"2":{"start":{"line":9,"column":10},"end":{"line":9,"column":null}},"3":{"start":{"line":10,"column":2},"end":{"line":13,"column":null}},"4":{"start":{"line":11,"column":4},"end":{"line":11,"column":null}},"5":{"start":{"line":12,"column":4},"end":{"line":12,"column":null}},"6":{"start":{"line":14,"column":2},"end":{"line":14,"column":null}},"7":{"start":{"line":26,"column":2},"end":{"line":34,"column":null}},"8":{"start":{"line":27,"column":4},"end":{"line":32,"column":null}},"9":{"start":{"line":33,"column":4},"end":{"line":33,"column":null}},"10":{"start":{"line":36,"column":14},"end":{"line":43,"column":null}},"11":{"start":{"line":45,"column":14},"end":{"line":45,"column":null}},"12":{"start":{"line":46,"column":2},"end":{"line":46,"column":null}}},"fnMap":{"0":{"name":"clientFor","decl":{"start":{"line":8,"column":9},"end":{"line":8,"column":19}},"loc":{"start":{"line":8,"column":46},"end":{"line":15,"column":null}},"line":8},"1":{"name":"sendEmail","decl":{"start":{"line":25,"column":22},"end":{"line":25,"column":32}},"loc":{"start":{"line":25,"column":97},"end":{"line":47,"column":null}},"line":25}},"branchMap":{"0":{"loc":{"start":{"line":10,"column":2},"end":{"line":13,"column":null}},"type":"if","locations":[{"start":{"line":10,"column":2},"end":{"line":13,"column":null}},{"start":{},"end":{}}],"line":10},"1":{"loc":{"start":{"line":26,"column":2},"end":{"line":34,"column":null}},"type":"if","locations":[{"start":{"line":26,"column":2},"end":{"line":34,"column":null}},{"start":{},"end":{}}],"line":26},"2":{"loc":{"start":{"line":46,"column":22},"end":{"line":46,"column":50}},"type":"binary-expr","locations":[{"start":{"line":46,"column":22},"end":{"line":46,"column":39}},{"start":{"line":46,"column":39},"end":{"line":46,"column":50}}],"line":46}},"s":{"0":10,"1":10,"2":6,"3":6,"4":5,"5":5,"6":6,"7":7,"8":1,"9":1,"10":6,"11":6,"12":5},"f":{"0":6,"1":7},"b":{"0":[5,1],"1":[1,6],"2":[5,1]},"meta":{"lastBranch":3,"lastFunction":2,"lastStatement":13,"seen":{"s:3:16:3:Infinity":0,"s:6:16:6:Infinity":1,"f:8:9:8:19":0,"s:9:10:9:Infinity":2,"b:10:2:13:Infinity:undefined:undefined:undefined:undefined":0,"s:10:2:13:Infinity":3,"s:11:4:11:Infinity":4,"s:12:4:12:Infinity":5,"s:14:2:14:Infinity":6,"f:25:22:25:32":1,"b:26:2:34:Infinity:undefined:undefined:undefined:undefined":1,"s:26:2:34:Infinity":7,"s:27:4:32:Infinity":8,"s:33:4:33:Infinity":9,"s:36:14:43:Infinity":10,"s:45:14:45:Infinity":11,"s:46:2:46:Infinity":12,"b:46:22:46:39:46:39:46:50":2},"fnNames":{}}}
}
